<?xml version="1.0" encoding="UTF-8"?>
<testsuite name="rspec" tests="20" skipped="0" failures="0" errors="0" time="0.088763" timestamp="2019-04-02T09:46:43-03:00" hostname="LAPTOP-L10S9KMD">
<properties>
<property name="seed" value="30938"/>
</properties>
<testcase classname="spec.avengers_spec" name="AvengersHeadQuarter deve adicionar um vingador" file="./spec/avengers_spec.rb" time="0.001993"></testcase>
<testcase classname="spec.avengers_spec" name="AvengersHeadQuarter deve adicionar uma lista de vingadores" file="./spec/avengers_spec.rb" time="0.003989"></testcase>
<testcase classname="spec.avengers_spec" name="AvengersHeadQuarter Thor deve ser o primeiro da lista" file="./spec/avengers_spec.rb" time="0.002992"></testcase>
<testcase classname="spec.avengers_spec" name="AvengersHeadQuarter Ironman deve ser o ultimo da lista" file="./spec/avengers_spec.rb" time="0.000000"></testcase>
<testcase classname="spec.avengers_spec" name="AvengersHeadQuarter deve conter o sobrenome" file="./spec/avengers_spec.rb" time="0.001995"></testcase>
<testcase classname="spec.bank.saque_cc_spec" name="ContaCorrente Saque quando o valor é positivo entao atualizada saldo" file="./spec/bank/saque_cc_spec.rb" time="0.000000"></testcase>
<testcase classname="spec.bank.saque_cc_spec" name="ContaCorrente Saque Quando o valor é zero Então exibe mensagem" file="./spec/bank/saque_cc_spec.rb" time="0.000000"></testcase>
<testcase classname="spec.bank.saque_cc_spec" name="ContaCorrente Saque Quando o valor é zero E o saldo permanece com zeros" file="./spec/bank/saque_cc_spec.rb" time="0.000000"></testcase>
<testcase classname="spec.bank.saque_cc_spec" name="ContaCorrente Saque Quando o valor é insuficiente Então exibe mensagem" file="./spec/bank/saque_cc_spec.rb" time="0.000999"></testcase>
<testcase classname="spec.bank.saque_cc_spec" name="ContaCorrente Saque Quando o valor é insuficiente E o saldo permanece" file="./spec/bank/saque_cc_spec.rb" time="0.000996"></testcase>
<testcase classname="spec.bank.saque_cc_spec" name="ContaCorrente Saque Quando supera o limite de saque Então exibe mensagem" file="./spec/bank/saque_cc_spec.rb" time="0.000998"></testcase>
<testcase classname="spec.bank.saque_cc_spec" name="ContaCorrente Saque Quando supera o limite de saque E o saldo permanece" file="./spec/bank/saque_cc_spec.rb" time="0.001000"></testcase>
<testcase classname="spec.bank.saque_cp_spec" name="ContaPoupanca Saque quando o valor é positivo entao atualizada saldo" file="./spec/bank/saque_cp_spec.rb" time="0.000000"></testcase>
<testcase classname="spec.bank.saque_cp_spec" name="ContaPoupanca Saque Quando o valor é zero Então exibe mensagem" file="./spec/bank/saque_cp_spec.rb" time="0.000997"></testcase>
<testcase classname="spec.bank.saque_cp_spec" name="ContaPoupanca Saque Quando o valor é zero E o saldo permanece com zeros" file="./spec/bank/saque_cp_spec.rb" time="0.000997"></testcase>
<testcase classname="spec.bank.saque_cp_spec" name="ContaPoupanca Saque Quando o valor é insuficiente Então exibe mensagem" file="./spec/bank/saque_cp_spec.rb" time="0.000000"></testcase>
<testcase classname="spec.bank.saque_cp_spec" name="ContaPoupanca Saque Quando o valor é insuficiente E o saldo permanece" file="./spec/bank/saque_cp_spec.rb" time="0.000997"></testcase>
<testcase classname="spec.bank.saque_cp_spec" name="ContaPoupanca Saque Quando supera o limite de saque Então exibe mensagem" file="./spec/bank/saque_cp_spec.rb" time="0.000000"></testcase>
<testcase classname="spec.bank.saque_cp_spec" name="ContaPoupanca Saque Quando supera o limite de saque E o saldo permanece" file="./spec/bank/saque_cp_spec.rb" time="0.000995"></testcase>
<testcase classname="spec.exemplos_spec" name="exemplos rspec soma de valores" file="./spec/exemplos_spec.rb" time="0.000000"></testcase>
</testsuite>
